<?xml version="1.0" encoding="UTF-8"?>
<!-- Generated by org.testng.reporters.JUnitReportReporter -->
<testsuite hostname="LAPTOP-1KLV778K" name="com.test.demo.AugustTest" tests="2" failures="0" timestamp="9 Aug 2022 03:39:32 GMT" time="0.006" errors="0">
  <testcase name="testTwo" time="0.000" classname="com.test.demo.AugustTest"/>
  <testcase name="testOne" time="0.006" classname="com.test.demo.AugustTest"/>
</testsuite> <!-- com.test.demo.AugustTest -->
